[GIN-debug] [WARNING] Creating an Engine instance with the Logger and Recovery middleware already attached.

[GIN-debug] [WARNING] Running in "debug" mode. Switch to "release" mode in production.
 - using env:	export GIN_MODE=release
 - using code:	gin.SetMode(gin.ReleaseMode)

[GIN-debug] POST   /api/v1/start             --> github.com/SystemEngineeringTeam/ProjectExercises2023-Backend/controller.GameStart (4 handlers)
[GIN-debug] POST   /api/v1/finish            --> github.com/SystemEngineeringTeam/ProjectExercises2023-Backend/controller.GameFinish (4 handlers)
[GIN-debug] POST   /api/v1/set_bpm/:azimuth  --> github.com/SystemEngineeringTeam/ProjectExercises2023-Backend/controller.SendHeartRate (4 handlers)
[GIN-debug] GET    /api/v1/get_bpm/:azimuth  --> github.com/SystemEngineeringTeam/ProjectExercises2023-Backend/controller.GetHeartRate (4 handlers)
[GIN-debug] POST   /api/v1/set/user_status/:azimuth --> github.com/SystemEngineeringTeam/ProjectExercises2023-Backend/controller.SendEmotionStatus (4 handlers)
[GIN-debug] GET    /api/v1/get/user_status/:azimuth --> github.com/SystemEngineeringTeam/ProjectExercises2023-Backend/controller.GetEmotionStatus (4 handlers)
[GIN-debug] GET    /api/v1/swagger/*any      --> github.com/swaggo/gin-swagger.CustomWrapHandler.func1 (4 handlers)
[GIN-debug] [WARNING] You trusted all proxies, this is NOT safe. We recommend you to set a value.
Please check https://pkg.go.dev/github.com/gin-gonic/gin#readme-don-t-trust-all-proxies for details.
[GIN-debug] Listening and serving HTTP on :8080
[GIN] 2023/11/02 - 12:49:49 | 200 |   12.946417ms |             ::1 | GET      "/api/v1/get_bpm/east"
[GIN] 2023/11/02 - 12:49:52 | 200 |   10.282917ms |             ::1 | GET      "/api/v1/get_bpm/south"
[GIN] 2023/11/02 - 12:49:59 | 200 |   28.518666ms |             ::1 | POST     "/api/v1/finish"
[GIN] 2023/11/02 - 12:50:03 | 400 |    2.332541ms |             ::1 | GET      "/api/v1/get/user_status/east"
[GIN] 2023/11/02 - 12:50:06 | 400 |    2.914375ms |             ::1 | GET      "/api/v1/get_bpm/south"
[GIN] 2023/11/02 - 12:50:09 | 400 |       2.727ms |             ::1 | POST     "/api/v1/set_bpm/north"
[GIN] 2023/11/02 - 12:50:12 | 400 |    2.780625ms |             ::1 | GET      "/api/v1/get_bpm/north"
[GIN] 2023/11/02 - 12:50:14 | 400 |    2.809916ms |             ::1 | GET      "/api/v1/get/user_status/south"
[GIN] 2023/11/02 - 12:50:17 | 400 |     3.71325ms |             ::1 | POST     "/api/v1/set/user_status/east"
[GIN] 2023/11/02 - 12:50:49 | 200 |   19.586459ms |             ::1 | POST     "/api/v1/start"
[GIN] 2023/11/02 - 12:50:51 | 400 |    4.035333ms |             ::1 | POST     "/api/v1/start"
[GIN] 2023/11/02 - 12:50:53 | 200 |   17.046208ms |             ::1 | POST     "/api/v1/set/user_status/east"
[GIN] 2023/11/02 - 12:50:56 | 200 |    9.312625ms |             ::1 | GET      "/api/v1/get/user_status/north"
[GIN] 2023/11/02 - 12:50:59 | 200 |   11.807417ms |             ::1 | GET      "/api/v1/get_bpm/east"
[GIN] 2023/11/02 - 12:51:01 | 200 |   20.640083ms |             ::1 | POST     "/api/v1/set_bpm/east"
[GIN] 2023/11/02 - 12:51:07 | 200 |    19.54325ms |             ::1 | POST     "/api/v1/finish"
[GIN] 2023/11/02 - 12:51:09 | 400 |    2.464625ms |             ::1 | POST     "/api/v1/finish"
[GIN] 2023/11/02 - 12:51:11 | 400 |    2.903583ms |             ::1 | POST     "/api/v1/set/user_status/south"
[GIN] 2023/11/02 - 12:51:13 | 400 |    3.437334ms |             ::1 | GET      "/api/v1/get/user_status/south"
[GIN] 2023/11/02 - 12:51:14 | 400 |    4.148458ms |             ::1 | GET      "/api/v1/get_bpm/south"
[GIN] 2023/11/02 - 12:51:16 | 400 |      5.7235ms |             ::1 | POST     "/api/v1/set_bpm/east"
[GIN] 2023/11/02 - 12:53:37 | 400 |    2.914584ms |             ::1 | POST     "/api/v1/set/user_status/hogehoge"
[GIN] 2023/11/02 - 12:53:44 | 200 |   16.506792ms |             ::1 | POST     "/api/v1/start"
[GIN] 2023/11/02 - 12:53:46 | 400 |    4.185417ms |             ::1 | POST     "/api/v1/set/user_status/hogehoge"
[GIN] 2023/11/02 - 12:53:49 | 400 |    2.293083ms |             ::1 | GET      "/api/v1/get/user_status/hogehoge"
[GIN] 2023/11/02 - 12:53:52 | 400 |    4.119959ms |             ::1 | GET      "/api/v1/get_bpm/hogehoge"
[GIN] 2023/11/02 - 12:53:55 | 400 |    2.841916ms |             ::1 | POST     "/api/v1/set_bpm/hogehoge"
